Info: Starting: Create block symbol file (.bsf)
Info: qsys-generate C:\Source\MAX10_8052\onchip_flash.qsys --block-symbol-file --output-directory=C:\Source\MAX10_8052\onchip_flash --family="MAX 10" --part=10M50DAF484C7G
Progress: Loading MAX10_8052/onchip_flash.qsys
Progress: Reading input file
Progress: Adding onchip_flash_0 [altera_onchip_flash 16.1]
Progress: Parameterizing module onchip_flash_0
Progress: Building connections
Progress: Parameterizing connections
Progress: Validating
Progress: Done reading input file
Info: qsys-generate succeeded.
Info: Finished: Create block symbol file (.bsf)
Info: 
Info: Starting: Create HDL design files for synthesis
Info: qsys-generate C:\Source\MAX10_8052\onchip_flash.qsys --synthesis=VHDL --greybox --output-directory=C:\Source\MAX10_8052\onchip_flash\synthesis --family="MAX 10" --part=10M50DAF484C7G
Progress: Loading MAX10_8052/onchip_flash.qsys
Progress: Reading input file
Progress: Adding onchip_flash_0 [altera_onchip_flash 16.1]
Progress: Parameterizing module onchip_flash_0
Progress: Building connections
Progress: Parameterizing connections
Progress: Validating
Progress: Done reading input file
Info: onchip_flash: Generating onchip_flash "onchip_flash" for QUARTUS_SYNTH
Info: onchip_flash_0: Generating top-level entity altera_onchip_flash
Info: onchip_flash_0: "onchip_flash" instantiated altera_onchip_flash "onchip_flash_0"
Info: onchip_flash: Done "onchip_flash" with 2 modules, 7 files
Info: Generating third-party timing and resource estimation model ...
Info: Done generating third-party timing and resource estimation model.
Info: qsys-generate succeeded.
Info: Finished: Create HDL design files for synthesis
