IP Upgrade report for CV_8052
Thu Oct 17 15:17:16 2024
Quartus Prime Version 23.1std.0 Build 991 11/28/2023 SC Lite Edition


---------------------
; Table of Contents ;
---------------------
  1. Legal Notice
  2. IP Upgrade Summary
  3. Successfully Upgraded IP Components
  4. IP Upgrade Messages



----------------
; Legal Notice ;
----------------
Copyright (C) 2023  Intel Corporation. All rights reserved.
Your use of Intel Corporation's design tools, logic functions 
and other software and tools, and any partner logic 
functions, and any output files from any of the foregoing 
(including device programming or simulation files), and any 
associated documentation or information are expressly subject 
to the terms and conditions of the Intel Program License 
Subscription Agreement, the Intel Quartus Prime License Agreement,
the Intel FPGA IP License Agreement, or other applicable license
agreement, including, without limitation, that your use is for
the sole purpose of programming logic devices manufactured by
Intel and sold by Intel or its authorized distributors.  Please
refer to the applicable agreement for further details, at
https://fpgasoftware.intel.com/eula.



+-------------------------------------------------------------------------------+
; IP Upgrade Summary                                                            ;
+------------------------------+------------------------------------------------+
; IP Components Upgrade Status ; Passed - Thu Oct 17 15:17:16 2024              ;
; Quartus Prime Version        ; 23.1std.0 Build 991 11/28/2023 SC Lite Edition ;
; Revision Name                ; CV_8052                                        ;
; Top-level Entity Name        ; CV_8052                                        ;
; Family                       ; MAX 10                                         ;
+------------------------------+------------------------------------------------+


+-------------------------------------------------------------------------------------------------------------------------------------------------------------------+
; Successfully Upgraded IP Components                                                                                                                               ;
+--------------+---------------------+---------+-----------------------------------------+----------------------+-----------------------------------------+---------+
; Entity Name  ; Component Name      ; Version ; Original Source File                    ; Generation File Path ; New Source File                         ; Message ;
+--------------+---------------------+---------+-----------------------------------------+----------------------+-----------------------------------------+---------+
; onchip_flash ; altera_onchip_flash ; 16.1    ; onchip_flash/synthesis/onchip_flash.qip ; onchip_flash.qsys    ; onchip_flash/synthesis/onchip_flash.qip ;         ;
; CV_PLL       ; ALTPLL              ; 16.1    ; CV_PLL.qip                              ; CV_PLL.vhd           ; CV_PLL.qip                              ;         ;
+--------------+---------------------+---------+-----------------------------------------+----------------------+-----------------------------------------+---------+


+---------------------+
; IP Upgrade Messages ;
+---------------------+
Info (11902): Backing up file "onchip_flash.qsys" to "onchip_flash.BAK.qsys"
Info (11902): Backing up file "onchip_flash/synthesis/onchip_flash.vhd" to "onchip_flash.BAK.vhd"
Info (11837): Started upgrading IP component altera_onchip_flash with file "onchip_flash.qsys"
Info: 2024.10.17.15:16:54 Info: Starting to upgrade the IP cores in the Platform Designer system
Info: 2024.10.17.15:16:54 Info: Finished upgrading the ip cores
Info: 2024.10.17.15:17:01 Info: Saving generation log to C:/Source/MAX10_8052/onchip_flash
Info: 2024.10.17.15:17:01 Info: Starting: Create simulation model
Info: 2024.10.17.15:17:01 Info: qsys-generate C:\Source\MAX10_8052\onchip_flash.qsys --simulation=VHDL --allow-mixed-language-simulation --output-directory=C:\Source\MAX10_8052\onchip_flash\simulation --family="MAX 10" --part=10M50DAF484C7G
Info: 2024.10.17.15:17:01 Info: Loading MAX10_8052
Info: 2024.10.17.15:17:02 Info: Reading input file
Info: 2024.10.17.15:17:02 Info: Adding onchip_flash_0 [altera_onchip_flash 23.1]
Info: 2024.10.17.15:17:02 Info: Parameterizing module onchip_flash_0
Info: 2024.10.17.15:17:02 Info: Building connections
Info: 2024.10.17.15:17:02 Info: Parameterizing connections
Info: 2024.10.17.15:17:02 Info: Validating
Info: 2024.10.17.15:17:02 Info: Done reading input file
Info: 2024.10.17.15:17:04 Info: onchip_flash: Generating onchip_flash "onchip_flash" for SIM_VHDL
Info: 2024.10.17.15:17:06 Info: onchip_flash_0: "onchip_flash" instantiated altera_onchip_flash "onchip_flash_0"
Info: 2024.10.17.15:17:06 Info: onchip_flash: Done "onchip_flash" with 2 modules, 5 files
Info: 2024.10.17.15:17:06 Info: qsys-generate succeeded.
Info: 2024.10.17.15:17:06 Info: Finished: Create simulation model
Info: 2024.10.17.15:17:06 Info: Starting: Create Modelsim Project.
Info: 2024.10.17.15:17:06 Info: sim-script-gen --spd=C:\Source\MAX10_8052\onchip_flash\onchip_flash.spd --output-directory=C:/Source/MAX10_8052/onchip_flash/simulation
Info: 2024.10.17.15:17:06 Info: Doing: ip-make-simscript --spd=C:\Source\MAX10_8052\onchip_flash\onchip_flash.spd --output-directory=C:/Source/MAX10_8052/onchip_flash/simulation
Info: 2024.10.17.15:17:07 Info: Generating the following file(s) for RIVIERA simulator in C:/Source/MAX10_8052/onchip_flash/simulation
Info: 2024.10.17.15:17:07 Info:     aldec
Info: 2024.10.17.15:17:07 Info: Generating the following file(s) for MODELSIM simulator in C:/Source/MAX10_8052/onchip_flash/simulation
Info: 2024.10.17.15:17:07 Info:     mentor
Info: 2024.10.17.15:17:07 Info: For information on how to simulate your IP, see the explanatory comments in the simulator-specific subdirectories under C:/Source/MAX10_8052/onchip_flash/simulation
Info: 2024.10.17.15:17:07 Info: Regenerate these scripts whenever you make any change to any Quartus-generated IP in your project.
Info: 2024.10.17.15:17:07 Info: Finished: Create Modelsim Project.
Info: 2024.10.17.15:17:07 Info: Starting: Create block symbol file (.bsf)
Info: 2024.10.17.15:17:07 Info: qsys-generate C:\Source\MAX10_8052\onchip_flash.qsys --block-symbol-file --output-directory=C:\Source\MAX10_8052\onchip_flash --family="MAX 10" --part=10M50DAF484C7G
Info: 2024.10.17.15:17:07 Info: Loading MAX10_8052
Info: 2024.10.17.15:17:08 Info: Reading input file
Info: 2024.10.17.15:17:08 Info: Adding onchip_flash_0 [altera_onchip_flash 23.1]
Info: 2024.10.17.15:17:08 Info: Parameterizing module onchip_flash_0
Info: 2024.10.17.15:17:08 Info: Building connections
Info: 2024.10.17.15:17:08 Info: Parameterizing connections
Info: 2024.10.17.15:17:08 Info: Validating
Info: 2024.10.17.15:17:08 Info: Done reading input file
Info: 2024.10.17.15:17:10 Info: qsys-generate succeeded.
Info: 2024.10.17.15:17:10 Info: Finished: Create block symbol file (.bsf)
Info: 2024.10.17.15:17:10 Info:
Info: 2024.10.17.15:17:10 Info: Starting: Create HDL design files for synthesis
Info: 2024.10.17.15:17:10 Info: qsys-generate C:\Source\MAX10_8052\onchip_flash.qsys --synthesis=VHDL --output-directory=C:\Source\MAX10_8052\onchip_flash\synthesis --family="MAX 10" --part=10M50DAF484C7G
Info: 2024.10.17.15:17:10 Info: Loading MAX10_8052
Info: 2024.10.17.15:17:11 Info: Reading input file
Info: 2024.10.17.15:17:11 Info: Adding onchip_flash_0 [altera_onchip_flash 23.1]
Info: 2024.10.17.15:17:11 Info: Parameterizing module onchip_flash_0
Info: 2024.10.17.15:17:11 Info: Building connections
Info: 2024.10.17.15:17:11 Info: Parameterizing connections
Info: 2024.10.17.15:17:11 Info: Validating
Info: 2024.10.17.15:17:11 Info: Done reading input file
Info: 2024.10.17.15:17:12 Info: onchip_flash: Generating onchip_flash "onchip_flash" for QUARTUS_SYNTH
Info: 2024.10.17.15:17:14 Info: onchip_flash_0: Generating top-level entity altera_onchip_flash
Info: 2024.10.17.15:17:14 Info: onchip_flash_0: "onchip_flash" instantiated altera_onchip_flash "onchip_flash_0"
Info: 2024.10.17.15:17:14 Info: onchip_flash: Done "onchip_flash" with 2 modules, 7 files
Info: 2024.10.17.15:17:14 Info: qsys-generate succeeded.
Info: 2024.10.17.15:17:14 Info: Finished: Create HDL design files for synthesis
Info (11902): Backing up file "CV_PLL.vhd" to "CV_PLL.BAK.vhd"
Info (11837): Started upgrading IP component ALTPLL with file "CV_PLL.vhd"
Info (11131): Completed upgrading IP component altera_onchip_flash with file "onchip_flash.qsys"
Info (11131): Completed upgrading IP component ALTPLL with file "CV_PLL.vhd"
Info (23030): Evaluation of Tcl script c:/intelfpga_lite/23.1std/quartus/common/tcl/internal/ip_regen/ip_regen.tcl was successful
Info: Quartus Prime Shell was successful. 0 errors, 0 warnings
    Info: Peak virtual memory: 4877 megabytes
    Info: Processing ended: Thu Oct 17 15:17:17 2024
    Info: Elapsed time: 00:00:40
    Info: Total CPU time (on all processors): 00:01:15


