                 -1   $MODMAX10
0000              1   ;--------------------------------------------------------
0000              2   ; Special Function Registers
0000              3   ;--------------------------------------------------------
0000              4   P0             DATA 0x80
0000              5   SP             DATA 0x81
0000              6   DPL            DATA 0x82
0000              7   DPH            DATA 0x83
0000              8   PCON           DATA 0x87
0000              9   TCON           DATA 0x88
0000             10   TMOD           DATA 0x89
0000             11   TL0            DATA 0x8a
0000             12   TL1            DATA 0x8b
0000             13   TH0            DATA 0x8c
0000             14   TH1            DATA 0x8d
0000             15   P1             DATA 0x90
0000             16   SCON           DATA 0x98
0000             17   SBUF           DATA 0x99
0000             18   P2             DATA 0xa0
0000             19   IE             DATA 0xa8
0000             20   P3             DATA 0xb0
0000             21   IP             DATA 0xb8
0000             22   PSW            DATA 0xd0
0000             23   ACC            DATA 0xe0
0000             24   B              DATA 0xf0
0000             25   T2CON          DATA 0xc8
0000             26   RCAP2L         DATA 0xca
0000             27   RCAP2H         DATA 0xcb
0000             28   TL2            DATA 0xcc
0000             29   TH2            DATA 0xcd
0000             30   DPS            DATA 0x86
0000             31   DPH1           DATA 0x85
0000             32   DPL1           DATA 0x84
0000             33   HEX0           DATA 0x91
0000             34   HEX1           DATA 0x92
0000             35   HEX2           DATA 0x93
0000             36   HEX3           DATA 0x94
0000             37   HEX4           DATA 0x8e
0000             38   HEX5           DATA 0x8f
0000             39   LEDRA          DATA 0xe8
0000             40   LEDRB          DATA 0x95
0000             41   SWA            DATA 0xe8
0000             42   SWB            DATA 0x95
0000             43   KEY            DATA 0xf8
0000             44   P0MOD          DATA 0x9a
0000             45   P1MOD          DATA 0x9b
0000             46   P2MOD          DATA 0x9c
0000             47   P3MOD          DATA 0x9d
0000             48   REP_ADD_L      DATA 0xf1
0000             49   REP_ADD_H      DATA 0xf2
0000             50   REP_VALUE      DATA 0xf3
0000             51   DEBUG_CALL_L   DATA 0xfa
0000             52   DEBUG_CALL_H   DATA 0xfb
0000             53   BPC            DATA 0xfc
0000             54   BPS            DATA 0xfd
0000             55   BPAL           DATA 0xfe
0000             56   BPAH           DATA 0xff
0000             57   LBPAL          DATA 0xfa
0000             58   LBPAH          DATA 0xfb
0000             59   P4             DATA 0xc0
0000             60   P4MOD          DATA 0xc1
0000             61   XRAMUSEDAS     DATA 0xc3
0000             62   UFM_ADD0       DATA 0xe1
0000             63   UFM_ADD1       DATA 0xe2
0000             64   UFM_ADD2       DATA 0xe3
0000             65   UFM_DATA0      DATA 0xe4
0000             66   UFM_DATA1      DATA 0xe5
0000             67   UFM_DATA2      DATA 0xe6
0000             68   UFM_DATA3      DATA 0xe7
0000             69   UFM_CONTROL0   DATA 0xe9
0000             70   UFM_CONTROL1   DATA 0xea
0000             71   UFM_CONTROL2   DATA 0xeb
0000             72   UFM_CONTROL3   DATA 0xec
0000             73   UFM_DATA_CMD   DATA 0xed
0000             74   UFM_DATA_STATUS DATA 0xee
0000             75   UFM_CONTROL_CMD DATA 0xef
0000             76   ADC_C          DATA 0xa1
0000             77   ADC_L          DATA 0xa2
0000             78   ADC_H          DATA 0xa3
0000             79   
0000             80   ;--------------------------------------------------------
0000             81   ; special function bits
0000             82   ;--------------------------------------------------------
0000             83   P0_0           BIT 0x80
0000             84   P0_1           BIT 0x81
0000             85   P0_2           BIT 0x82
0000             86   P0_3           BIT 0x83
0000             87   P0_4           BIT 0x84
0000             88   P0_5           BIT 0x85
0000             89   P0_6           BIT 0x86
0000             90   P0_7           BIT 0x87
0000             91   IT0            BIT 0x88
0000             92   IE0            BIT 0x89
0000             93   IT1            BIT 0x8a
0000             94   IE1            BIT 0x8b
0000             95   TR0            BIT 0x8c
0000             96   TF0            BIT 0x8d
0000             97   TR1            BIT 0x8e
0000             98   TF1            BIT 0x8f
0000             99   P1_0           BIT 0x90
0000            100   P1_1           BIT 0x91
0000            101   P1_2           BIT 0x92
0000            102   P1_3           BIT 0x93
0000            103   P1_4           BIT 0x94
0000            104   P1_5           BIT 0x95
0000            105   P1_6           BIT 0x96
0000            106   P1_7           BIT 0x97
0000            107   RI             BIT 0x98
0000            108   TI             BIT 0x99
0000            109   RB8            BIT 0x9a
0000            110   TB8            BIT 0x9b
0000            111   REN            BIT 0x9c
0000            112   SM2            BIT 0x9d
0000            113   SM1            BIT 0x9e
0000            114   SM0            BIT 0x9f
0000            115   P2_0           BIT 0xa0
0000            116   P2_1           BIT 0xa1
0000            117   P2_2           BIT 0xa2
0000            118   P2_3           BIT 0xa3
0000            119   P2_4           BIT 0xa4
0000            120   P2_5           BIT 0xa5
0000            121   P2_6           BIT 0xa6
0000            122   P2_7           BIT 0xa7
0000            123   EX0            BIT 0xa8
0000            124   ET0            BIT 0xa9
0000            125   EX1            BIT 0xaa
0000            126   ET1            BIT 0xab
0000            127   ES             BIT 0xac
0000            128   ET2            BIT 0xad
0000            129   EA             BIT 0xaf
0000            130   P3_0           BIT 0xb0
0000            131   P3_1           BIT 0xb1
0000            132   P3_2           BIT 0xb2
0000            133   P3_3           BIT 0xb3
0000            134   P3_4           BIT 0xb4
0000            135   P3_5           BIT 0xb5
0000            136   P3_6           BIT 0xb6
0000            137   P3_7           BIT 0xb7
0000            138   RXD            BIT 0xb0
0000            139   TXD            BIT 0xb1
0000            140   INT0           BIT 0xb2
0000            141   INT1           BIT 0xb3
0000            142   T0             BIT 0xb4
0000            143   T1             BIT 0xb5
0000            144   WR             BIT 0xb6
0000            145   RD             BIT 0xb7
0000            146   PX0            BIT 0xb8
0000            147   PT0            BIT 0xb9
0000            148   PX1            BIT 0xba
0000            149   PT1            BIT 0xbb
0000            150   PS             BIT 0xbc
0000            151   PT2            BIT 0xbd
0000            152   P              BIT 0xd0
0000            153   F1             BIT 0xd1
0000            154   OV             BIT 0xd2
0000            155   RS0            BIT 0xd3
0000            156   RS1            BIT 0xd4
0000            157   F0             BIT 0xd5
0000            158   AC             BIT 0xd6
0000            159   CY             BIT 0xd7
0000            160   T2CON_0        BIT 0xc8
0000            161   T2CON_1        BIT 0xc9
0000            162   T2CON_2        BIT 0xca
0000            163   T2CON_3        BIT 0xcb
0000            164   T2CON_4        BIT 0xcc
0000            165   T2CON_5        BIT 0xcd
0000            166   T2CON_6        BIT 0xce
0000            167   T2CON_7        BIT 0xcf
0000            168   CP_RL2         BIT 0xc8
0000            169   C_T2           BIT 0xc9
0000            170   TR2            BIT 0xca
0000            171   EXEN2          BIT 0xcb
0000            172   TCLK           BIT 0xcc
0000            173   RCLK           BIT 0xcd
0000            174   EXF2           BIT 0xce
0000            175   TF2            BIT 0xcf
0000            176   LEDRA_0        BIT 0xe8
0000            177   LEDRA_1        BIT 0xe9
0000            178   LEDRA_2        BIT 0xea
0000            179   LEDRA_3        BIT 0xeb
0000            180   LEDRA_4        BIT 0xec
0000            181   LEDRA_5        BIT 0xed
0000            182   LEDRA_6        BIT 0xee
0000            183   LEDRA_7        BIT 0xef
0000            184   SWA_0          BIT 0xe8
0000            185   SWA_1          BIT 0xe9
0000            186   SWA_2          BIT 0xea
0000            187   SWA_3          BIT 0xeb
0000            188   SWA_4          BIT 0xec
0000            189   SWA_5          BIT 0xed
0000            190   SWA_6          BIT 0xee
0000            191   SWA_7          BIT 0xef
0000            192   KEY_0          BIT 0xf8
0000            193   KEY_1          BIT 0xf9
0000            194   KEY_2          BIT 0xfa
0000            195   KEY_3          BIT 0xfb
0000            196   P4_0           BIT 0xc0
0000            197   P4_1           BIT 0xc1
0000            198   P4_2           BIT 0xc2
0000            199   P4_3           BIT 0xc3
0000            200   P4_4           BIT 0xc4
0000            201   P4_5           BIT 0xc5
0000            202   P4_6           BIT 0xc6
0000            203   P4_7           BIT 0xc7
0000              2   
0000              3   org 0000H
0000 020057       4       ljmp Main
0003              5   
0003              6   ; For uart.inc
0003              7   CLK            equ 33333333 
0003              8   BAUD           equ 115200
0003              9   TIMER_2_RELOAD equ (0x10000-(CLK/(32*BAUD)))
0003             10   
0057             77   $LIST
                 12   $LIST
0057             14   
0030             15   DSEG at 30H
0030             16   uartbuf: ds 30  ; For uart.inc
004E             17   
0057             18   CSEG
0057             19   Main:
0057 75817F      20       mov SP, #7FH
005A             21   
005A             22       ; Turn off all unused LEDs (Too bright!)
005A 75E800      23       mov LEDRA, #0 
005D 759500      24            mov LEDRB, #0
0060             25   
0060 120003      26       lcall InitSerialPort
0063             27   MainLoop:
0063             28   
0063             29       ; --- Ask for input ---
0063 900084      30       mov dptr, #Prompt
0066 120018      31       lcall SendString
0069             32   
0069             33       ; --- Get string into buffer ---
0069 7830        34       mov R0, #uartbuf
006B 120038      35       lcall GetString
006E             36   
006E             37       ; --- Print newline ---
006E 120051      38       lcall PrintNL
0071             39   
0071             40       ; --- Echo back ---
0071 900093      41       mov dptr, #EchoText
0074 120018      42       lcall SendString
0077             43   
0077 7830        44       mov R0, #uartbuf
0079 120023      45       lcall SendBuffer
007C             46   
007C 90004E      47       mov dptr, #NewLine
007F 120018      48       lcall SendString
0082             49   
0082 80DF        50       sjmp MainLoop
0084             51   
0084             52   Prompt:
0084 0D0A456E    53       db '\r\nEnter text: ',0
     74657220
     74657874
     3A2000
0093             54   
0093             55   EchoText:
0093 596F7520    56       db 'You typed: ',0
     74797065
     643A2000
009F             57   
009F             58   EN
